<?xml version="1.0" encoding="utf-8"?><testsuites name="pytest tests"><testsuite name="pytest" errors="0" failures="0" skipped="0" tests="14" time="65.825" timestamp="2026-07-31T07:12:05.063215+00:00" hostname="agent-env-3abda28a-a08a-4181-a9da-a7e17cd0d6a8"><testcase classname="tests.test_video_teacher.TestTTS" name="test_tts_returns_valid_base64_mp3" time="1.278" /><testcase classname="tests.test_video_teacher.TestLesson" name="test_lesson_on_ready_doc_returns_valid_shape" time="0.146" /><testcase classname="tests.test_video_teacher.TestLesson" name="test_lesson_idempotent_second_call_returns_cached" time="1.153" /><testcase classname="tests.test_video_teacher.TestTTS" name="test_tts_empty_text_400" time="0.040" /><testcase classname="tests.test_video_teacher.TestLesson" name="test_lesson_on_unknown_doc_404" time="0.086" /><testcase classname="tests.test_video_teacher.TestTTS" name="test_tts_whitespace_only_400" time="0.041" /><testcase classname="tests.test_video_teacher.TestVoiceAsk" name="test_voice_ask_happy_path" time="9.011" /><testcase classname="tests.test_video_teacher.TestLesson" name="test_lesson_on_pending_doc_400" time="0.404" /><testcase classname="tests.test_video_teacher.TestSTT" name="test_stt_transcribes_mp3" time="2.858" /><testcase classname="tests.test_video_teacher.TestSTT" name="test_stt_invalid_audio_returns_error" time="1.002" /><testcase classname="tests.test_video_teacher.TestLessonRegenerate" name="test_regenerate_wipes_and_rebuilds" time="59.599" /><testcase classname="tests.test_video_teacher.TestVoiceAsk" name="test_voice_ask_empty_text_400" time="0.044" /><testcase classname="tests.test_video_teacher.TestVoiceAsk" name="test_voice_ask_unknown_doc_404" time="0.045" /><testcase classname="tests.test_video_teacher.TestLessonRegenerate" name="test_regenerate_unknown_doc_404" time="0.045" /></testsuite></testsuites>