<?xml version="1.0" encoding="utf-8"?><testsuites name="pytest tests"><testsuite name="pytest" errors="0" failures="0" skipped="0" tests="12" time="25.742" timestamp="2026-07-31T06:30:59.932800+00:00" hostname="agent-env-3abda28a-a08a-4181-a9da-a7e17cd0d6a8"><testcase classname="tests.test_teacher_chat.TestHealthAndDocs" name="test_root" time="0.208" /><testcase classname="tests.test_teacher_chat.TestChatBasics" name="test_get_chat_initial_empty" time="0.227" /><testcase classname="tests.test_teacher_chat.TestHealthAndDocs" name="test_list_documents" time="0.055" /><testcase classname="tests.test_teacher_chat.TestChatBasics" name="test_post_chat_empty_message_returns_400" time="0.093" /><testcase classname="tests.test_teacher_chat.TestHealthAndDocs" name="test_get_seed_doc_ready" time="0.047" /><testcase classname="tests.test_teacher_chat.TestHealthAndDocs" name="test_get_unknown_doc_404" time="0.048" /><testcase classname="tests.test_teacher_chat.TestChatBasics" name="test_post_chat_unknown_doc_returns_404" time="0.050" /><testcase classname="tests.test_teacher_chat.TestChatFlow" name="test_chat_happy_path_and_memory" time="23.956" /><testcase classname="tests.test_teacher_chat.TestChatBasics" name="test_get_chat_unknown_doc_returns_404" time="0.258" /><testcase classname="tests.test_teacher_chat.TestChatBasics" name="test_delete_chat_unknown_doc_returns_404" time="0.104" /><testcase classname="tests.test_teacher_chat.TestChatFlow" name="test_delete_chat_clears_history" time="0.133" /><testcase classname="tests.test_teacher_chat.TestChatOnProcessing" name="test_chat_on_pending_doc_400" time="0.487" /></testsuite></testsuites>